<?xml version="1.0" encoding="UTF-8"?>
<!-- Generated by org.testng.reporters.JUnitXMLReporter -->
<testsuite ignored="1" hostname="nihar" failures="0" tests="1" name="Submit order Test" time="58.162" errors="0" timestamp="2024-04-04T15:11:55 IST">
  <testcase classname="NiharSelenium.Tests.SubmitOrderTest" name="submitOrder" time="8.977"/>
  <testcase classname="NiharSelenium.Tests.SubmitOrderTest" name="orderHistoryTest" time="0.0">
    <ignored/>
  </testcase> <!-- orderHistoryTest -->
</testsuite> <!-- Submit order Test -->
