<?xml version="1.0" encoding="UTF-8"?>
<testng-results ignored="0" total="4" passed="4" failed="0" skipped="0">
  <reporter-output>
  </reporter-output>
  <suite started-at="2024-01-19T20:55:54 IST" name="Suite" finished-at="2024-01-19T20:56:21 IST" duration-ms="26694">
    <groups>
      <group name="ErrorHandling">
        <method signature="ErrorValidationTest.loginErrorMsgValidation()[pri:0, instance:NiharSelenium.Tests.ErrorValidationTest@273444fe]" name="loginErrorMsgValidation" class="NiharSelenium.Tests.ErrorValidationTest"/>
        <method signature="ErrorValidationTest.productErrorValidation()[pri:0, instance:NiharSelenium.Tests.ErrorValidationTest@273444fe]" name="productErrorValidation" class="NiharSelenium.Tests.ErrorValidationTest"/>
      </group> <!-- ErrorHandling -->
    </groups>
    <test started-at="2024-01-19T20:55:54 IST" name="Error validation Test" finished-at="2024-01-19T20:56:18 IST" duration-ms="23475">
      <class name="NiharSelenium.Tests.ErrorValidationTest">
        <test-method is-config="true" signature="launchApplication()[pri:0, instance:NiharSelenium.Tests.ErrorValidationTest@273444fe]" started-at="2024-01-19T20:55:54 IST" name="launchApplication" finished-at="2024-01-19T20:56:05 IST" duration-ms="10515" status="PASS">
          <reporter-output>
          </reporter-output>
        </test-method> <!-- launchApplication -->
        <test-method signature="loginErrorMsgValidation()[pri:0, instance:NiharSelenium.Tests.ErrorValidationTest@273444fe]" started-at="2024-01-19T20:56:05 IST" name="loginErrorMsgValidation" finished-at="2024-01-19T20:56:06 IST" duration-ms="1040" status="PASS">
          <reporter-output>
          </reporter-output>
        </test-method> <!-- loginErrorMsgValidation -->
        <test-method is-config="true" signature="tearDown()[pri:0, instance:NiharSelenium.Tests.ErrorValidationTest@273444fe]" started-at="2024-01-19T20:56:06 IST" name="tearDown" finished-at="2024-01-19T20:56:06 IST" duration-ms="375" status="PASS">
          <reporter-output>
          </reporter-output>
        </test-method> <!-- tearDown -->
        <test-method is-config="true" signature="launchApplication()[pri:0, instance:NiharSelenium.Tests.ErrorValidationTest@273444fe]" started-at="2024-01-19T20:56:06 IST" name="launchApplication" finished-at="2024-01-19T20:56:14 IST" duration-ms="8127" status="PASS">
          <reporter-output>
          </reporter-output>
        </test-method> <!-- launchApplication -->
        <test-method signature="productErrorValidation()[pri:0, instance:NiharSelenium.Tests.ErrorValidationTest@273444fe]" started-at="2024-01-19T20:56:14 IST" name="productErrorValidation" finished-at="2024-01-19T20:56:17 IST" duration-ms="2747" status="PASS">
          <reporter-output>
          </reporter-output>
        </test-method> <!-- productErrorValidation -->
        <test-method is-config="true" signature="tearDown()[pri:0, instance:NiharSelenium.Tests.ErrorValidationTest@273444fe]" started-at="2024-01-19T20:56:17 IST" name="tearDown" finished-at="2024-01-19T20:56:18 IST" duration-ms="549" status="PASS">
          <reporter-output>
          </reporter-output>
        </test-method> <!-- tearDown -->
      </class> <!-- NiharSelenium.Tests.ErrorValidationTest -->
    </test> <!-- Error validation Test -->
    <test started-at="2024-01-19T20:55:54 IST" name="Submit order Test" finished-at="2024-01-19T20:56:21 IST" duration-ms="26694">
      <class name="NiharSelenium.Tests.SubmitOrderTest">
        <test-method is-config="true" signature="launchApplication()[pri:0, instance:NiharSelenium.Tests.SubmitOrderTest@6221a451]" started-at="2024-01-19T20:55:54 IST" name="launchApplication" finished-at="2024-01-19T20:56:05 IST" duration-ms="10588" status="PASS">
          <reporter-output>
          </reporter-output>
        </test-method> <!-- launchApplication -->
        <test-method signature="submitOrder()[pri:0, instance:NiharSelenium.Tests.SubmitOrderTest@6221a451]" started-at="2024-01-19T20:56:05 IST" name="submitOrder" finished-at="2024-01-19T20:56:10 IST" duration-ms="5359" status="PASS">
          <reporter-output>
          </reporter-output>
        </test-method> <!-- submitOrder -->
        <test-method is-config="true" signature="tearDown()[pri:0, instance:NiharSelenium.Tests.SubmitOrderTest@6221a451]" started-at="2024-01-19T20:56:10 IST" name="tearDown" finished-at="2024-01-19T20:56:11 IST" duration-ms="344" status="PASS">
          <reporter-output>
          </reporter-output>
        </test-method> <!-- tearDown -->
        <test-method is-config="true" signature="launchApplication()[pri:0, instance:NiharSelenium.Tests.SubmitOrderTest@6221a451]" started-at="2024-01-19T20:56:11 IST" name="launchApplication" finished-at="2024-01-19T20:56:17 IST" duration-ms="6721" status="PASS">
          <reporter-output>
          </reporter-output>
        </test-method> <!-- launchApplication -->
        <test-method signature="orderHistoryTest()[pri:0, instance:NiharSelenium.Tests.SubmitOrderTest@6221a451]" started-at="2024-01-19T20:56:17 IST" name="orderHistoryTest" finished-at="2024-01-19T20:56:20 IST" depends-on-methods="NiharSelenium.Tests.SubmitOrderTest.submitOrder" duration-ms="2888" status="PASS">
          <reporter-output>
          </reporter-output>
        </test-method> <!-- orderHistoryTest -->
        <test-method is-config="true" signature="tearDown()[pri:0, instance:NiharSelenium.Tests.SubmitOrderTest@6221a451]" started-at="2024-01-19T20:56:20 IST" name="tearDown" finished-at="2024-01-19T20:56:21 IST" duration-ms="670" status="PASS">
          <reporter-output>
          </reporter-output>
        </test-method> <!-- tearDown -->
      </class> <!-- NiharSelenium.Tests.SubmitOrderTest -->
    </test> <!-- Submit order Test -->
  </suite> <!-- Suite -->
</testng-results>
